<?xml version="1.0" encoding="UTF-8"?>
<coverage generated="1589385091538" clover="3.2.0">
  <project timestamp="1589385091538" name="All files">
    <metrics statements="12" coveredstatements="12" conditionals="10" coveredconditionals="9" methods="4" coveredmethods="4" elements="26" coveredelements="25" complexity="0" loc="12" ncloc="12" packages="1" files="1" classes="1"/>
    <file name="signature.js" path="/home/nikolay/work/color-api/src/signature.js">
      <metrics statements="12" coveredstatements="12" conditionals="10" coveredconditionals="9" methods="4" coveredmethods="4"/>
      <line num="18" count="2" type="stmt"/>
      <line num="23" count="2" type="stmt"/>
      <line num="40" count="2" type="stmt"/>
      <line num="51" count="64" type="cond" truecount="2" falsecount="0"/>
      <line num="52" count="12" type="stmt"/>
      <line num="56" count="52" type="cond" truecount="2" falsecount="0"/>
      <line num="57" count="31" type="stmt"/>
      <line num="60" count="21" type="stmt"/>
      <line num="61" count="21" type="stmt"/>
      <line num="64" count="52" type="cond" truecount="4" falsecount="0"/>
      <line num="66" count="49" type="stmt"/>
      <line num="68" count="21" type="stmt"/>
    </file>
  </project>
</coverage>
