TN:
SF:/home/nikolay/work/color-api/src/signature.js
FN:13,createSignMessage
FN:35,createSignature
FN:50,removeEmptyProperties
FN:63,(anonymous_3)
FNF:4
FNH:4
FNDA:2,createSignMessage
FNDA:2,createSignature
FNDA:64,removeEmptyProperties
FNDA:52,(anonymous_3)
DA:18,2
DA:23,2
DA:40,2
DA:51,64
DA:52,12
DA:56,52
DA:57,31
DA:60,21
DA:61,21
DA:64,52
DA:66,49
DA:68,21
LF:12
LH:12
BRDA:19,0,0,2
BRDA:19,0,1,0
BRDA:51,1,0,12
BRDA:51,1,1,52
BRDA:56,2,0,31
BRDA:56,2,1,21
BRDA:64,3,0,3
BRDA:64,3,1,49
BRDA:64,4,0,52
BRDA:64,4,1,50
BRF:10
BRH:9
end_of_record
